<?xml version="1.0" encoding="UTF-8"?>
<testsuite xmlns:xsi="http://www.w3.org/2001/XMLSchema-instance" xsi:noNamespaceSchemaLocation="https://maven.apache.org/surefire/maven-surefire-plugin/xsd/surefire-test-report-3.0.xsd" version="3.0" name="rw.invoicing.main.EInvoicingApplicationTests" time="4.271" tests="1" errors="0" skipped="0" failures="0">
  <properties>
[...]
</properties>
  <testcase name="contextLoads" classname="rw.invoicing.main.EInvoicingApplicationTests" time="0.34">
    <system-out><![CDATA[17:43:56.747 [main] INFO org.springframework.test.context.support.AnnotationConfigContextLoaderUtils -- Could not detect default configuration classes for test class [rw.invoicing.main.EInvoicingApplicationTests]: EInvoicingApplicationTests does not declare any static, non-private, non-final, nested classes annotated with @Configuration.
17:43:56.811 [main] INFO org.springframework.boot.test.context.SpringBootTestContextBootstrapper -- Found @SpringBootConfiguration rw.invoicing.main.EInvoicingApplication for test class rw.invoicing.main.EInvoicingApplicationTests
17:43:56.906 [main] INFO org.springframework.boot.devtools.restart.RestartApplicationListener -- Restart disabled due to context in which it is running

  .   ____          _            __ _ _
 /\\ / ___'_ __ _ _(_)_ __  __ _ \ \ \ \
( ( )\___ | '_ | '_| | '_ \/ _` | \ \ \ \
 \\/  ___)| |_)| | | | | || (_| |  ) ) ) )
  '  |____| .__|_| |_|_| |_\__, | / / / /
 =========|_|==============|___/=/_/_/_/

 :: Spring Boot ::                (v3.3.1)

2024-07-02T17:43:57.074+02:00  INFO 8912 --- [E-Invoicing] [           main] r.i.main.EInvoicingApplicationTests      : Starting EInvoicingApplicationTests using Java 17.0.7 with PID 8912 (started by mihigoyves in /Users/mihigoyves/Documents/workspace-spring-tool-suite-4-4.17.1.RELEASE/E-Invoicing)
2024-07-02T17:43:57.075+02:00  INFO 8912 --- [E-Invoicing] [           main] r.i.main.EInvoicingApplicationTests      : No active profile set, falling back to 1 default profile: "default"
2024-07-02T17:43:57.822+02:00  INFO 8912 --- [E-Invoicing] [           main] .s.d.r.c.RepositoryConfigurationDelegate : Bootstrapping Spring Data JPA repositories in DEFAULT mode.
2024-07-02T17:43:57.883+02:00  INFO 8912 --- [E-Invoicing] [           main] .s.d.r.c.RepositoryConfigurationDelegate : Finished Spring Data repository scanning in 51 ms. Found 2 JPA repository interfaces.
2024-07-02T17:43:58.248+02:00  INFO 8912 --- [E-Invoicing] [           main] o.hibernate.jpa.internal.util.LogHelper  : HHH000204: Processing PersistenceUnitInfo [name: default]
2024-07-02T17:43:58.285+02:00  INFO 8912 --- [E-Invoicing] [           main] org.hibernate.Version                    : HHH000412: Hibernate ORM core version 6.5.2.Final
2024-07-02T17:43:58.308+02:00  INFO 8912 --- [E-Invoicing] [           main] o.h.c.internal.RegionFactoryInitiator    : HHH000026: Second-level cache disabled
2024-07-02T17:43:58.363+02:00 DEBUG 8912 --- [E-Invoicing] [           main] org.hibernate.type.BasicTypeRegistry     : Adding type registration boolean -> org.hibernate.type.BasicTypeReference@5aa62ee7
2024-07-02T17:43:58.363+02:00 DEBUG 8912 --- [E-Invoicing] [           main] org.hibernate.type.BasicTypeRegistry     : Adding type registration boolean -> org.hibernate.type.BasicTypeReference@5aa62ee7
2024-07-02T17:43:58.364+02:00 DEBUG 8912 --- [E-Invoicing] [           main] org.hibernate.type.BasicTypeRegistry     : Adding type registration java.lang.Boolean -> org.hibernate.type.BasicTypeReference@5aa62ee7
2024-07-02T17:43:58.364+02:00 DEBUG 8912 --- [E-Invoicing] [           main] org.hibernate.type.BasicTypeRegistry     : Adding type registration numeric_boolean -> org.hibernate.type.BasicTypeReference@1f7cec93
2024-07-02T17:43:58.364+02:00 DEBUG 8912 --- [E-Invoicing] [           main] org.hibernate.type.BasicTypeRegistry     : Adding type registration org.hibernate.type.NumericBooleanConverter -> org.hibernate.type.BasicTypeReference@1f7cec93
2024-07-02T17:43:58.364+02:00 DEBUG 8912 --- [E-Invoicing] [           main] org.hibernate.type.BasicTypeRegistry     : Adding type registration true_false -> org.hibernate.type.BasicTypeReference@3c9ef6e9
2024-07-02T17:43:58.364+02:00 DEBUG 8912 --- [E-Invoicing] [           main] org.hibernate.type.BasicTypeRegistry     : Adding type registration org.hibernate.type.TrueFalseConverter -> org.hibernate.type.BasicTypeReference@3c9ef6e9
2024-07-02T17:43:58.364+02:00 DEBUG 8912 --- [E-Invoicing] [           main] org.hibernate.type.BasicTypeRegistry     : Adding type registration yes_no -> org.hibernate.type.BasicTypeReference@3cdff901
2024-07-02T17:43:58.364+02:00 DEBUG 8912 --- [E-Invoicing] [           main] org.hibernate.type.BasicTypeRegistry     : Adding type registration org.hibernate.type.YesNoConverter -> org.hibernate.type.BasicTypeReference@3cdff901
2024-07-02T17:43:58.364+02:00 DEBUG 8912 --- [E-Invoicing] [           main] org.hibernate.type.BasicTypeRegistry     : Adding type registration byte -> org.hibernate.type.BasicTypeReference@57e5396b
2024-07-02T17:43:58.364+02:00 DEBUG 8912 --- [E-Invoicing] [           main] org.hibernate.type.BasicTypeRegistry     : Adding type registration byte -> org.hibernate.type.BasicTypeReference@57e5396b
2024-07-02T17:43:58.364+02:00 DEBUG 8912 --- [E-Invoicing] [           main] org.hibernate.type.BasicTypeRegistry     : Adding type registration java.lang.Byte -> org.hibernate.type.BasicTypeReference@57e5396b
2024-07-02T17:43:58.365+02:00 DEBUG 8912 --- [E-Invoicing] [           main] org.hibernate.type.BasicTypeRegistry     : Adding type registration binary -> org.hibernate.type.BasicTypeReference@2f054f70
2024-07-02T17:43:58.365+02:00 DEBUG 8912 --- [E-Invoicing] [           main] org.hibernate.type.BasicTypeRegistry     : Adding type registration byte[] -> org.hibernate.type.BasicTypeReference@2f054f70
2024-07-02T17:43:58.365+02:00 DEBUG 8912 --- [E-Invoicing] [           main] org.hibernate.type.BasicTypeRegistry     : Adding type registration [B -> org.hibernate.type.BasicTypeReference@2f054f70
2024-07-02T17:43:58.365+02:00 DEBUG 8912 --- [E-Invoicing] [           main] org.hibernate.type.BasicTypeRegistry     : Adding type registration binary_wrapper -> org.hibernate.type.BasicTypeReference@59636c47
2024-07-02T17:43:58.365+02:00 DEBUG 8912 --- [E-Invoicing] [           main] org.hibernate.type.BasicTypeRegistry     : Adding type registration wrapper-binary -> org.hibernate.type.BasicTypeReference@59636c47
2024-07-02T17:43:58.365+02:00 DEBUG 8912 --- [E-Invoicing] [           main] org.hibernate.type.BasicTypeRegistry     : Adding type registration image -> org.hibernate.type.BasicTypeReference@5c18d6d4
2024-07-02T17:43:58.365+02:00 DEBUG 8912 --- [E-Invoicing] [           main] org.hibernate.type.BasicTypeRegistry     : Adding type registration blob -> org.hibernate.type.BasicTypeReference@6cbb175
2024-07-02T17:43:58.366+02:00 DEBUG 8912 --- [E-Invoicing] [           main] org.hibernate.type.BasicTypeRegistry     : Adding type registration java.sql.Blob -> org.hibernate.type.BasicTypeReference@6cbb175
2024-07-02T17:43:58.366+02:00 DEBUG 8912 --- [E-Invoicing] [           main] org.hibernate.type.BasicTypeRegistry     : Adding type registration materialized_blob -> org.hibernate.type.BasicTypeReference@38fb50f8
2024-07-02T17:43:58.366+02:00 DEBUG 8912 --- [E-Invoicing] [           main] org.hibernate.type.BasicTypeRegistry     : Adding type registration materialized_blob_wrapper -> org.hibernate.type.BasicTypeReference@7ab802f4
2024-07-02T17:43:58.366+02:00 DEBUG 8912 --- [E-Invoicing] [           main] org.hibernate.type.BasicTypeRegistry     : Adding type registration short -> org.hibernate.type.BasicTypeReference@608cd501
2024-07-02T17:43:58.366+02:00 DEBUG 8912 --- [E-Invoicing] [           main] org.hibernate.type.BasicTypeRegistry     : Adding type registration short -> org.hibernate.type.BasicTypeReference@608cd501
2024-07-02T17:43:58.366+02:00 DEBUG 8912 --- [E-Invoicing] [           main] org.hibernate.type.BasicTypeRegistry     : Adding type registration java.lang.Short -> org.hibernate.type.BasicTypeReference@608cd501
2024-07-02T17:43:58.366+02:00 DEBUG 8912 --- [E-Invoicing] [           main] org.hibernate.type.BasicTypeRegistry     : Adding type registration integer -> org.hibernate.type.BasicTypeReference@3b97907c
2024-07-02T17:43:58.366+02:00 DEBUG 8912 --- [E-Invoicing] [           main] org.hibernate.type.BasicTypeRegistry     : Adding type registration int -> org.hibernate.type.BasicTypeReference@3b97907c
2024-07-02T17:43:58.366+02:00 DEBUG 8912 --- [E-Invoicing] [           main] org.hibernate.type.BasicTypeRegistry     : Adding type registration java.lang.Integer -> org.hibernate.type.BasicTypeReference@3b97907c
2024-07-02T17:43:58.367+02:00 DEBUG 8912 --- [E-Invoicing] [           main] org.hibernate.type.BasicTypeRegistry     : Adding type registration long -> org.hibernate.type.BasicTypeReference@59096b66
2024-07-02T17:43:58.367+02:00 DEBUG 8912 --- [E-Invoicing] [           main] org.hibernate.type.BasicTypeRegistry     : Adding type registration long -> org.hibernate.type.BasicTypeReference@59096b66
2024-07-02T17:43:58.367+02:00 DEBUG 8912 --- [E-Invoicing] [           main] org.hibernate.type.BasicTypeRegistry     : Adding type registration java.lang.Long -> org.hibernate.type.BasicTypeReference@59096b66
2024-07-02T17:43:58.367+02:00 DEBUG 8912 --- [E-Invoicing] [           main] org.hibernate.type.BasicTypeRegistry     : Adding type registration float -> org.hibernate.type.BasicTypeReference@631c6d11
2024-07-02T17:43:58.367+02:00 DEBUG 8912 --- [E-Invoicing] [           main] org.hibernate.type.BasicTypeRegistry     : Adding type registration float -> org.hibernate.type.BasicTypeReference@631c6d11
2024-07-02T17:43:58.367+02:00 DEBUG 8912 --- [E-Invoicing] [           main] org.hibernate.type.BasicTypeRegistry     : Adding type registration java.lang.Float -> org.hibernate.type.BasicTypeReference@631c6d11
2024-07-02T17:43:58.367+02:00 DEBUG 8912 --- [E-Invoicing] [           main] org.hibernate.type.BasicTypeRegistry     : Adding type registration double -> org.hibernate.type.BasicTypeReference@65be88ae
2024-07-02T17:43:58.367+02:00 DEBUG 8912 --- [E-Invoicing] [           main] org.hibernate.type.BasicTypeRegistry     : Adding type registration double -> org.hibernate.type.BasicTypeReference@65be88ae
2024-07-02T17:43:58.367+02:00 DEBUG 8912 --- [E-Invoicing] [           main] org.hibernate.type.BasicTypeRegistry     : Adding type registration java.lang.Double -> org.hibernate.type.BasicTypeReference@65be88ae
2024-07-02T17:43:58.367+02:00 DEBUG 8912 --- [E-Invoicing] [           main] org.hibernate.type.BasicTypeRegistry     : Adding type registration big_integer -> org.hibernate.type.BasicTypeReference@62ade015
2024-07-02T17:43:58.367+02:00 DEBUG 8912 --- [E-Invoicing] [           main] org.hibernate.type.BasicTypeRegistry     : Adding type registration java.math.BigInteger -> org.hibernate.type.BasicTypeReference@62ade015
2024-07-02T17:43:58.368+02:00 DEBUG 8912 --- [E-Invoicing] [           main] org.hibernate.type.BasicTypeRegistry     : Adding type registration big_decimal -> org.hibernate.type.BasicTypeReference@70ede57d
2024-07-02T17:43:58.368+02:00 DEBUG 8912 --- [E-Invoicing] [           main] org.hibernate.type.BasicTypeRegistry     : Adding type registration java.math.BigDecimal -> org.hibernate.type.BasicTypeReference@70ede57d
2024-07-02T17:43:58.368+02:00 DEBUG 8912 --- [E-Invoicing] [           main] org.hibernate.type.BasicTypeRegistry     : Adding type registration character -> org.hibernate.type.BasicTypeReference@70997a94
2024-07-02T17:43:58.368+02:00 DEBUG 8912 --- [E-Invoicing] [           main] org.hibernate.type.BasicTypeRegistry     : Adding type registration char -> org.hibernate.type.BasicTypeReference@70997a94
2024-07-02T17:43:58.368+02:00 DEBUG 8912 --- [E-Invoicing] [           main] org.hibernate.type.BasicTypeRegistry     : Adding type registration java.lang.Character -> org.hibernate.type.BasicTypeReference@70997a94
2024-07-02T17:43:58.368+02:00 DEBUG 8912 --- [E-Invoicing] [           main] org.hibernate.type.BasicTypeRegistry     : Adding type registration character_nchar -> org.hibernate.type.BasicTypeReference@61f377d1
2024-07-02T17:43:58.368+02:00 DEBUG 8912 --- [E-Invoicing] [           main] org.hibernate.type.BasicTypeRegistry     : Adding type registration string -> org.hibernate.type.BasicTypeReference@6c538eb2
2024-07-02T17:43:58.368+02:00 DEBUG 8912 --- [E-Invoicing] [           main] org.hibernate.type.BasicTypeRegistry     : Adding type registration java.lang.String -> org.hibernate.type.BasicTypeReference@6c538eb2
2024-07-02T17:43:58.368+02:00 DEBUG 8912 --- [E-Invoicing] [           main] org.hibernate.type.BasicTypeRegistry     : Adding type registration nstring -> org.hibernate.type.BasicTypeReference@738a5848
2024-07-02T17:43:58.368+02:00 DEBUG 8912 --- [E-Invoicing] [           main] org.hibernate.type.BasicTypeRegistry     : Adding type registration characters -> org.hibernate.type.BasicTypeReference@487cd177
2024-07-02T17:43:58.369+02:00 DEBUG 8912 --- [E-Invoicing] [           main] org.hibernate.type.BasicTypeRegistry     : Adding type registration char[] -> org.hibernate.type.BasicTypeReference@487cd177
2024-07-02T17:43:58.369+02:00 DEBUG 8912 --- [E-Invoicing] [           main] org.hibernate.type.BasicTypeRegistry     : Adding type registration [C -> org.hibernate.type.BasicTypeReference@487cd177
2024-07-02T17:43:58.369+02:00 DEBUG 8912 --- [E-Invoicing] [           main] org.hibernate.type.BasicTypeRegistry     : Adding type registration wrapper-characters -> org.hibernate.type.BasicTypeReference@324b6a56
2024-07-02T17:43:58.369+02:00 DEBUG 8912 --- [E-Invoicing] [           main] org.hibernate.type.BasicTypeRegistry     : Adding type registration text -> org.hibernate.type.BasicTypeReference@421d54b3
2024-07-02T17:43:58.369+02:00 DEBUG 8912 --- [E-Invoicing] [           main] org.hibernate.type.BasicTypeRegistry     : Adding type registration ntext -> org.hibernate.type.BasicTypeReference@63f40ca0
2024-07-02T17:43:58.369+02:00 DEBUG 8912 --- [E-Invoicing] [           main] org.hibernate.type.BasicTypeRegistry     : Adding type registration clob -> org.hibernate.type.BasicTypeReference@4dad8ec0
2024-07-02T17:43:58.369+02:00 DEBUG 8912 --- [E-Invoicing] [           main] org.hibernate.type.BasicTypeRegistry     : Adding type registration java.sql.Clob -> org.hibernate.type.BasicTypeReference@4dad8ec0
2024-07-02T17:43:58.369+02:00 DEBUG 8912 --- [E-Invoicing] [           main] org.hibernate.type.BasicTypeRegistry     : Adding type registration nclob -> org.hibernate.type.BasicTypeReference@24dd44f9
2024-07-02T17:43:58.369+02:00 DEBUG 8912 --- [E-Invoicing] [           main] org.hibernate.type.BasicTypeRegistry     : Adding type registration java.sql.NClob -> org.hibernate.type.BasicTypeReference@24dd44f9
2024-07-02T17:43:58.369+02:00 DEBUG 8912 --- [E-Invoicing] [           main] org.hibernate.type.BasicTypeRegistry     : Adding type registration materialized_clob -> org.hibernate.type.BasicTypeReference@ccd341d
2024-07-02T17:43:58.369+02:00 DEBUG 8912 --- [E-Invoicing] [           main] org.hibernate.type.BasicTypeRegistry     : Adding type registration materialized_clob_char_array -> org.hibernate.type.BasicTypeReference@4f1fb828
2024-07-02T17:43:58.369+02:00 DEBUG 8912 --- [E-Invoicing] [           main] org.hibernate.type.BasicTypeRegistry     : Adding type registration materialized_clob_character_array -> org.hibernate.type.BasicTypeReference@6ee5f485
2024-07-02T17:43:58.369+02:00 DEBUG 8912 --- [E-Invoicing] [           main] org.hibernate.type.BasicTypeRegistry     : Adding type registration materialized_nclob -> org.hibernate.type.BasicTypeReference@20d19f2c
2024-07-02T17:43:58.370+02:00 DEBUG 8912 --- [E-Invoicing] [           main] org.hibernate.type.BasicTypeRegistry     : Adding type registration materialized_nclob_character_array -> org.hibernate.type.BasicTypeReference@45592af7
2024-07-02T17:43:58.370+02:00 DEBUG 8912 --- [E-Invoicing] [           main] org.hibernate.type.BasicTypeRegistry     : Adding type registration materialized_nclob_char_array -> org.hibernate.type.BasicTypeReference@77b5148c
2024-07-02T17:43:58.370+02:00 DEBUG 8912 --- [E-Invoicing] [           main] org.hibernate.type.BasicTypeRegistry     : Adding type registration Duration -> org.hibernate.type.BasicTypeReference@36359723
2024-07-02T17:43:58.370+02:00 DEBUG 8912 --- [E-Invoicing] [           main] org.hibernate.type.BasicTypeRegistry     : Adding type registration java.time.Duration -> org.hibernate.type.BasicTypeReference@36359723
2024-07-02T17:43:58.370+02:00 DEBUG 8912 --- [E-Invoicing] [           main] org.hibernate.type.BasicTypeRegistry     : Adding type registration LocalDateTime -> org.hibernate.type.BasicTypeReference@1ab14636
2024-07-02T17:43:58.370+02:00 DEBUG 8912 --- [E-Invoicing] [           main] org.hibernate.type.BasicTypeRegistry     : Adding type registration java.time.LocalDateTime -> org.hibernate.type.BasicTypeReference@1ab14636
2024-07-02T17:43:58.370+02:00 DEBUG 8912 --- [E-Invoicing] [           main] org.hibernate.type.BasicTypeRegistry     : Adding type registration LocalDate -> org.hibernate.type.BasicTypeReference@16b3c905
2024-07-02T17:43:58.370+02:00 DEBUG 8912 --- [E-Invoicing] [           main] org.hibernate.type.BasicTypeRegistry     : Adding type registration java.time.LocalDate -> org.hibernate.type.BasicTypeReference@16b3c905
2024-07-02T17:43:58.370+02:00 DEBUG 8912 --- [E-Invoicing] [           main] org.hibernate.type.BasicTypeRegistry     : Adding type registration LocalTime -> org.hibernate.type.BasicTypeReference@49fdbe2b
2024-07-02T17:43:58.370+02:00 DEBUG 8912 --- [E-Invoicing] [           main] org.hibernate.type.BasicTypeRegistry     : Adding type registration java.time.LocalTime -> org.hibernate.type.BasicTypeReference@49fdbe2b
2024-07-02T17:43:58.370+02:00 DEBUG 8912 --- [E-Invoicing] [           main] org.hibernate.type.BasicTypeRegistry     : Adding type registration OffsetDateTime -> org.hibernate.type.BasicTypeReference@53eba4b8
2024-07-02T17:43:58.370+02:00 DEBUG 8912 --- [E-Invoicing] [           main] org.hibernate.type.BasicTypeRegistry     : Adding type registration java.time.OffsetDateTime -> org.hibernate.type.BasicTypeReference@53eba4b8
2024-07-02T17:43:58.371+02:00 DEBUG 8912 --- [E-Invoicing] [           main] org.hibernate.type.BasicTypeRegistry     : Adding type registration OffsetDateTimeWithTimezone -> org.hibernate.type.BasicTypeReference@437bd805
2024-07-02T17:43:58.371+02:00 DEBUG 8912 --- [E-Invoicing] [           main] org.hibernate.type.BasicTypeRegistry     : Adding type registration OffsetDateTimeWithoutTimezone -> org.hibernate.type.BasicTypeReference@4b88ca8e
2024-07-02T17:43:58.371+02:00 DEBUG 8912 --- [E-Invoicing] [           main] org.hibernate.type.BasicTypeRegistry     : Adding type registration OffsetTime -> org.hibernate.type.BasicTypeReference@6fa02932
2024-07-02T17:43:58.371+02:00 DEBUG 8912 --- [E-Invoicing] [           main] org.hibernate.type.BasicTypeRegistry     : Adding type registration java.time.OffsetTime -> org.hibernate.type.BasicTypeReference@6fa02932
2024-07-02T17:43:58.371+02:00 DEBUG 8912 --- [E-Invoicing] [           main] org.hibernate.type.BasicTypeRegistry     : Adding type registration OffsetTimeUtc -> org.hibernate.type.BasicTypeReference@61608e1a
2024-07-02T17:43:58.371+02:00 DEBUG 8912 --- [E-Invoicing] [           main] org.hibernate.type.BasicTypeRegistry     : Adding type registration OffsetTimeWithTimezone -> org.hibernate.type.BasicTypeReference@7c46c9c3
2024-07-02T17:43:58.371+02:00 DEBUG 8912 --- [E-Invoicing] [           main] org.hibernate.type.BasicTypeRegistry     : Adding type registration OffsetTimeWithoutTimezone -> org.hibernate.type.BasicTypeReference@7197b07f
2024-07-02T17:43:58.371+02:00 DEBUG 8912 --- [E-Invoicing] [           main] org.hibernate.type.BasicTypeRegistry     : Adding type registration ZonedDateTime -> org.hibernate.type.BasicTypeReference@1f10fec6
2024-07-02T17:43:58.371+02:00 DEBUG 8912 --- [E-Invoicing] [           main] org.hibernate.type.BasicTypeRegistry     : Adding type registration java.time.ZonedDateTime -> org.hibernate.type.BasicTypeReference@1f10fec6
2024-07-02T17:43:58.371+02:00 DEBUG 8912 --- [E-Invoicing] [           main] org.hibernate.type.BasicTypeRegistry     : Adding type registration ZonedDateTimeWithTimezone -> org.hibernate.type.BasicTypeReference@7a65a360
2024-07-02T17:43:58.371+02:00 DEBUG 8912 --- [E-Invoicing] [           main] org.hibernate.type.BasicTypeRegistry     : Adding type registration ZonedDateTimeWithoutTimezone -> org.hibernate.type.BasicTypeReference@30a7653e
2024-07-02T17:43:58.371+02:00 DEBUG 8912 --- [E-Invoicing] [           main] org.hibernate.type.BasicTypeRegistry     : Adding type registration date -> org.hibernate.type.BasicTypeReference@7cff3f1d
2024-07-02T17:43:58.371+02:00 DEBUG 8912 --- [E-Invoicing] [           main] org.hibernate.type.BasicTypeRegistry     : Adding type registration java.sql.Date -> org.hibernate.type.BasicTypeReference@7cff3f1d
2024-07-02T17:43:58.371+02:00 DEBUG 8912 --- [E-Invoicing] [           main] org.hibernate.type.BasicTypeRegistry     : Adding type registration time -> org.hibernate.type.BasicTypeReference@6401188a
2024-07-02T17:43:58.372+02:00 DEBUG 8912 --- [E-Invoicing] [           main] org.hibernate.type.BasicTypeRegistry     : Adding type registration java.sql.Time -> org.hibernate.type.BasicTypeReference@6401188a
2024-07-02T17:43:58.372+02:00 DEBUG 8912 --- [E-Invoicing] [           main] org.hibernate.type.BasicTypeRegistry     : Adding type registration timestamp -> org.hibernate.type.BasicTypeReference@33a8c9c9
2024-07-02T17:43:58.372+02:00 DEBUG 8912 --- [E-Invoicing] [           main] org.hibernate.type.BasicTypeRegistry     : Adding type registration java.sql.Timestamp -> org.hibernate.type.BasicTypeReference@33a8c9c9
2024-07-02T17:43:58.372+02:00 DEBUG 8912 --- [E-Invoicing] [           main] org.hibernate.type.BasicTypeRegistry     : Adding type registration java.util.Date -> org.hibernate.type.BasicTypeReference@33a8c9c9
2024-07-02T17:43:58.372+02:00 DEBUG 8912 --- [E-Invoicing] [           main] org.hibernate.type.BasicTypeRegistry     : Adding type registration calendar -> org.hibernate.type.BasicTypeReference@382dc417
2024-07-02T17:43:58.372+02:00 DEBUG 8912 --- [E-Invoicing] [           main] org.hibernate.type.BasicTypeRegistry     : Adding type registration java.util.Calendar -> org.hibernate.type.BasicTypeReference@382dc417
2024-07-02T17:43:58.372+02:00 DEBUG 8912 --- [E-Invoicing] [           main] org.hibernate.type.BasicTypeRegistry     : Adding type registration java.util.GregorianCalendar -> org.hibernate.type.BasicTypeReference@382dc417
2024-07-02T17:43:58.372+02:00 DEBUG 8912 --- [E-Invoicing] [           main] org.hibernate.type.BasicTypeRegistry     : Adding type registration calendar_date -> org.hibernate.type.BasicTypeReference@3daf03d8
2024-07-02T17:43:58.372+02:00 DEBUG 8912 --- [E-Invoicing] [           main] org.hibernate.type.BasicTypeRegistry     : Adding type registration calendar_time -> org.hibernate.type.BasicTypeReference@510689af
2024-07-02T17:43:58.372+02:00 DEBUG 8912 --- [E-Invoicing] [           main] org.hibernate.type.BasicTypeRegistry     : Adding type registration instant -> org.hibernate.type.BasicTypeReference@2415e4c7
2024-07-02T17:43:58.372+02:00 DEBUG 8912 --- [E-Invoicing] [           main] org.hibernate.type.BasicTypeRegistry     : Adding type registration java.time.Instant -> org.hibernate.type.BasicTypeReference@2415e4c7
2024-07-02T17:43:58.372+02:00 DEBUG 8912 --- [E-Invoicing] [           main] org.hibernate.type.BasicTypeRegistry     : Adding type registration uuid -> org.hibernate.type.BasicTypeReference@72ce812e
2024-07-02T17:43:58.372+02:00 DEBUG 8912 --- [E-Invoicing] [           main] org.hibernate.type.BasicTypeRegistry     : Adding type registration java.util.UUID -> org.hibernate.type.BasicTypeReference@72ce812e
2024-07-02T17:43:58.372+02:00 DEBUG 8912 --- [E-Invoicing] [           main] org.hibernate.type.BasicTypeRegistry     : Adding type registration pg-uuid -> org.hibernate.type.BasicTypeReference@72ce812e
2024-07-02T17:43:58.372+02:00 DEBUG 8912 --- [E-Invoicing] [           main] org.hibernate.type.BasicTypeRegistry     : Adding type registration uuid-binary -> org.hibernate.type.BasicTypeReference@373afd6c
2024-07-02T17:43:58.372+02:00 DEBUG 8912 --- [E-Invoicing] [           main] org.hibernate.type.BasicTypeRegistry     : Adding type registration uuid-char -> org.hibernate.type.BasicTypeReference@521441d5
2024-07-02T17:43:58.372+02:00 DEBUG 8912 --- [E-Invoicing] [           main] org.hibernate.type.BasicTypeRegistry     : Adding type registration class -> org.hibernate.type.BasicTypeReference@592ca48c
2024-07-02T17:43:58.373+02:00 DEBUG 8912 --- [E-Invoicing] [           main] org.hibernate.type.BasicTypeRegistry     : Adding type registration java.lang.Class -> org.hibernate.type.BasicTypeReference@592ca48c
2024-07-02T17:43:58.373+02:00 DEBUG 8912 --- [E-Invoicing] [           main] org.hibernate.type.BasicTypeRegistry     : Adding type registration currency -> org.hibernate.type.BasicTypeReference@5fed9976
2024-07-02T17:43:58.373+02:00 DEBUG 8912 --- [E-Invoicing] [           main] org.hibernate.type.BasicTypeRegistry     : Adding type registration Currency -> org.hibernate.type.BasicTypeReference@5fed9976
2024-07-02T17:43:58.373+02:00 DEBUG 8912 --- [E-Invoicing] [           main] org.hibernate.type.BasicTypeRegistry     : Adding type registration java.util.Currency -> org.hibernate.type.BasicTypeReference@5fed9976
2024-07-02T17:43:58.373+02:00 DEBUG 8912 --- [E-Invoicing] [           main] org.hibernate.type.BasicTypeRegistry     : Adding type registration locale -> org.hibernate.type.BasicTypeReference@3fdcde7a
2024-07-02T17:43:58.373+02:00 DEBUG 8912 --- [E-Invoicing] [           main] org.hibernate.type.BasicTypeRegistry     : Adding type registration java.util.Locale -> org.hibernate.type.BasicTypeReference@3fdcde7a
2024-07-02T17:43:58.373+02:00 DEBUG 8912 --- [E-Invoicing] [           main] org.hibernate.type.BasicTypeRegistry     : Adding type registration serializable -> org.hibernate.type.BasicTypeReference@4f363abd
2024-07-02T17:43:58.373+02:00 DEBUG 8912 --- [E-Invoicing] [           main] org.hibernate.type.BasicTypeRegistry     : Adding type registration java.io.Serializable -> org.hibernate.type.BasicTypeReference@4f363abd
2024-07-02T17:43:58.373+02:00 DEBUG 8912 --- [E-Invoicing] [           main] org.hibernate.type.BasicTypeRegistry     : Adding type registration timezone -> org.hibernate.type.BasicTypeReference@7302ff13
2024-07-02T17:43:58.373+02:00 DEBUG 8912 --- [E-Invoicing] [           main] org.hibernate.type.BasicTypeRegistry     : Adding type registration java.util.TimeZone -> org.hibernate.type.BasicTypeReference@7302ff13
2024-07-02T17:43:58.373+02:00 DEBUG 8912 --- [E-Invoicing] [           main] org.hibernate.type.BasicTypeRegistry     : Adding type registration ZoneOffset -> org.hibernate.type.BasicTypeReference@4017fe2c
2024-07-02T17:43:58.373+02:00 DEBUG 8912 --- [E-Invoicing] [           main] org.hibernate.type.BasicTypeRegistry     : Adding type registration java.time.ZoneOffset -> org.hibernate.type.BasicTypeReference@4017fe2c
2024-07-02T17:43:58.373+02:00 DEBUG 8912 --- [E-Invoicing] [           main] org.hibernate.type.BasicTypeRegistry     : Adding type registration url -> org.hibernate.type.BasicTypeReference@1961d75a
2024-07-02T17:43:58.373+02:00 DEBUG 8912 --- [E-Invoicing] [           main] org.hibernate.type.BasicTypeRegistry     : Adding type registration java.net.URL -> org.hibernate.type.BasicTypeReference@1961d75a
2024-07-02T17:43:58.374+02:00 DEBUG 8912 --- [E-Invoicing] [           main] org.hibernate.type.BasicTypeRegistry     : Adding type registration vector -> org.hibernate.type.BasicTypeReference@677ce519
2024-07-02T17:43:58.374+02:00 DEBUG 8912 --- [E-Invoicing] [           main] org.hibernate.type.BasicTypeRegistry     : Adding type registration row_version -> org.hibernate.type.BasicTypeReference@3e26482
2024-07-02T17:43:58.376+02:00 DEBUG 8912 --- [E-Invoicing] [           main] org.hibernate.type.BasicTypeRegistry     : Adding type registration object -> org.hibernate.type.JavaObjectType@6f731759
2024-07-02T17:43:58.377+02:00 DEBUG 8912 --- [E-Invoicing] [           main] org.hibernate.type.BasicTypeRegistry     : Adding type registration java.lang.Object -> org.hibernate.type.JavaObjectType@6f731759
2024-07-02T17:43:58.377+02:00 DEBUG 8912 --- [E-Invoicing] [           main] org.hibernate.type.BasicTypeRegistry     : Adding type registration null -> org.hibernate.type.NullType@256a0d95
2024-07-02T17:43:58.377+02:00 DEBUG 8912 --- [E-Invoicing] [           main] org.hibernate.type.BasicTypeRegistry     : Adding type registration imm_date -> org.hibernate.type.BasicTypeReference@2f3928ac
2024-07-02T17:43:58.377+02:00 DEBUG 8912 --- [E-Invoicing] [           main] org.hibernate.type.BasicTypeRegistry     : Adding type registration imm_time -> org.hibernate.type.BasicTypeReference@4bf03fee
2024-07-02T17:43:58.377+02:00 DEBUG 8912 --- [E-Invoicing] [           main] org.hibernate.type.BasicTypeRegistry     : Adding type registration imm_timestamp -> org.hibernate.type.BasicTypeReference@31834a2b
2024-07-02T17:43:58.377+02:00 DEBUG 8912 --- [E-Invoicing] [           main] org.hibernate.type.BasicTypeRegistry     : Adding type registration imm_calendar -> org.hibernate.type.BasicTypeReference@44f0ff2b
2024-07-02T17:43:58.378+02:00 DEBUG 8912 --- [E-Invoicing] [           main] org.hibernate.type.BasicTypeRegistry     : Adding type registration imm_calendar_date -> org.hibernate.type.BasicTypeReference@22ead351
2024-07-02T17:43:58.378+02:00 DEBUG 8912 --- [E-Invoicing] [           main] org.hibernate.type.BasicTypeRegistry     : Adding type registration imm_calendar_time -> org.hibernate.type.BasicTypeReference@68af87ad
2024-07-02T17:43:58.378+02:00 DEBUG 8912 --- [E-Invoicing] [           main] org.hibernate.type.BasicTypeRegistry     : Adding type registration imm_binary -> org.hibernate.type.BasicTypeReference@43d65a81
2024-07-02T17:43:58.378+02:00 DEBUG 8912 --- [E-Invoicing] [           main] org.hibernate.type.BasicTypeRegistry     : Adding type registration imm_serializable -> org.hibernate.type.BasicTypeReference@9cfc77
2024-07-02T17:43:58.520+02:00  INFO 8912 --- [E-Invoicing] [           main] o.s.o.j.p.SpringPersistenceUnitInfo      : No LoadTimeWeaver setup: ignoring JPA class transformer
2024-07-02T17:43:58.549+02:00  INFO 8912 --- [E-Invoicing] [           main] com.zaxxer.hikari.HikariDataSource       : HikariPool-1 - Starting...
2024-07-02T17:43:58.700+02:00  INFO 8912 --- [E-Invoicing] [           main] com.zaxxer.hikari.pool.HikariPool        : HikariPool-1 - Added connection org.postgresql.jdbc.PgConnection@7534785a
2024-07-02T17:43:58.701+02:00  INFO 8912 --- [E-Invoicing] [           main] com.zaxxer.hikari.HikariDataSource       : HikariPool-1 - Start completed.
2024-07-02T17:43:58.756+02:00 DEBUG 8912 --- [E-Invoicing] [           main] o.h.t.d.sql.spi.DdlTypeRegistry          : addDescriptor(2003, org.hibernate.type.descriptor.sql.internal.ArrayDdlTypeImpl@6d420cdd) replaced previous registration(org.hibernate.type.descriptor.sql.internal.ArrayDdlTypeImpl@bd273b2)
2024-07-02T17:43:58.757+02:00 DEBUG 8912 --- [E-Invoicing] [           main] o.h.t.d.sql.spi.DdlTypeRegistry          : addDescriptor(6, org.hibernate.type.descriptor.sql.internal.CapacityDependentDdlType@78128dd0) replaced previous registration(org.hibernate.type.descriptor.sql.internal.DdlTypeImpl@55044b34)
2024-07-02T17:43:58.758+02:00 DEBUG 8912 --- [E-Invoicing] [           main] o.h.t.d.jdbc.spi.JdbcTypeRegistry        : addDescriptor(2004, BlobTypeDescriptor(BLOB_BINDING)) replaced previous registration(BlobTypeDescriptor(DEFAULT))
2024-07-02T17:43:58.758+02:00 DEBUG 8912 --- [E-Invoicing] [           main] o.h.t.d.jdbc.spi.JdbcTypeRegistry        : addDescriptor(2005, ClobTypeDescriptor(CLOB_BINDING)) replaced previous registration(ClobTypeDescriptor(DEFAULT))
2024-07-02T17:43:58.764+02:00 DEBUG 8912 --- [E-Invoicing] [           main] org.hibernate.type.BasicTypeRegistry     : Adding type registration JAVA_OBJECT -> org.hibernate.type.JavaObjectType@16b76858
2024-07-02T17:43:58.764+02:00 DEBUG 8912 --- [E-Invoicing] [           main] org.hibernate.type.BasicTypeRegistry     : Adding type registration java.lang.Object -> org.hibernate.type.JavaObjectType@16b76858
2024-07-02T17:43:58.764+02:00 DEBUG 8912 --- [E-Invoicing] [           main] org.hibernate.type.BasicTypeRegistry     : Type registration key [java.lang.Object] overrode previous entry : `org.hibernate.type.JavaObjectType@6f731759`
2024-07-02T17:43:58.767+02:00 DEBUG 8912 --- [E-Invoicing] [           main] org.hibernate.type.BasicTypeRegistry     : Adding type registration org.hibernate.type.DurationType -> basicType@1(java.time.Duration,3015)
2024-07-02T17:43:58.767+02:00 DEBUG 8912 --- [E-Invoicing] [           main] org.hibernate.type.BasicTypeRegistry     : Adding type registration Duration -> basicType@1(java.time.Duration,3015)
2024-07-02T17:43:58.767+02:00 DEBUG 8912 --- [E-Invoicing] [           main] org.hibernate.type.BasicTypeRegistry     : Adding type registration java.time.Duration -> basicType@1(java.time.Duration,3015)
2024-07-02T17:43:58.769+02:00 DEBUG 8912 --- [E-Invoicing] [           main] org.hibernate.type.BasicTypeRegistry     : Adding type registration org.hibernate.type.OffsetDateTimeType -> basicType@2(java.time.OffsetDateTime,3003)
2024-07-02T17:43:58.769+02:00 DEBUG 8912 --- [E-Invoicing] [           main] org.hibernate.type.BasicTypeRegistry     : Adding type registration OffsetDateTime -> basicType@2(java.time.OffsetDateTime,3003)
2024-07-02T17:43:58.769+02:00 DEBUG 8912 --- [E-Invoicing] [           main] org.hibernate.type.BasicTypeRegistry     : Adding type registration java.time.OffsetDateTime -> basicType@2(java.time.OffsetDateTime,3003)
2024-07-02T17:43:58.769+02:00 DEBUG 8912 --- [E-Invoicing] [           main] org.hibernate.type.BasicTypeRegistry     : Adding type registration org.hibernate.type.ZonedDateTimeType -> basicType@3(java.time.ZonedDateTime,3003)
2024-07-02T17:43:58.769+02:00 DEBUG 8912 --- [E-Invoicing] [           main] org.hibernate.type.BasicTypeRegistry     : Adding type registration ZonedDateTime -> basicType@3(java.time.ZonedDateTime,3003)
2024-07-02T17:43:58.769+02:00 DEBUG 8912 --- [E-Invoicing] [           main] org.hibernate.type.BasicTypeRegistry     : Adding type registration java.time.ZonedDateTime -> basicType@3(java.time.ZonedDateTime,3003)
2024-07-02T17:43:58.769+02:00 DEBUG 8912 --- [E-Invoicing] [           main] org.hibernate.type.BasicTypeRegistry     : Adding type registration org.hibernate.type.OffsetTimeType -> basicType@4(java.time.OffsetTime,3007)
2024-07-02T17:43:58.769+02:00 DEBUG 8912 --- [E-Invoicing] [           main] org.hibernate.type.BasicTypeRegistry     : Adding type registration OffsetTime -> basicType@4(java.time.OffsetTime,3007)
2024-07-02T17:43:58.770+02:00 DEBUG 8912 --- [E-Invoicing] [           main] org.hibernate.type.BasicTypeRegistry     : Adding type registration java.time.OffsetTime -> basicType@4(java.time.OffsetTime,3007)
2024-07-02T17:43:58.770+02:00 DEBUG 8912 --- [E-Invoicing] [           main] o.h.type.spi.TypeConfiguration$Scope     : Scoping TypeConfiguration [org.hibernate.type.spi.TypeConfiguration@59fea5f5] to MetadataBuildingContext [org.hibernate.boot.internal.MetadataBuildingContextRootImpl@78eafad]
2024-07-02T17:43:59.425+02:00  INFO 8912 --- [E-Invoicing] [           main] o.h.e.t.j.p.i.JtaPlatformInitiator       : HHH000489: No JTA platform available (set 'hibernate.transaction.jta.platform' to enable JTA platform integration)
2024-07-02T17:43:59.426+02:00 DEBUG 8912 --- [E-Invoicing] [           main] o.h.type.spi.TypeConfiguration$Scope     : Scoping TypeConfiguration [org.hibernate.type.spi.TypeConfiguration@59fea5f5] to SessionFactoryImplementor [org.hibernate.internal.SessionFactoryImpl@5ac7550a]
2024-07-02T17:43:59.497+02:00 TRACE 8912 --- [E-Invoicing] [           main] o.h.type.spi.TypeConfiguration$Scope     : Handling #sessionFactoryCreated from [org.hibernate.internal.SessionFactoryImpl@5ac7550a] for TypeConfiguration
2024-07-02T17:43:59.498+02:00  INFO 8912 --- [E-Invoicing] [           main] j.LocalContainerEntityManagerFactoryBean : Initialized JPA EntityManagerFactory for persistence unit 'default'
2024-07-02T17:43:59.692+02:00  INFO 8912 --- [E-Invoicing] [           main] o.s.d.j.r.query.QueryEnhancerFactory     : Hibernate is in classpath; If applicable, HQL parser will be used.
2024-07-02T17:44:00.050+02:00  WARN 8912 --- [E-Invoicing] [           main] JpaBaseConfiguration$JpaWebConfiguration : spring.jpa.open-in-view is enabled by default. Therefore, database queries may be performed during view rendering. Explicitly configure spring.jpa.open-in-view to disable this warning
2024-07-02T17:44:00.540+02:00  INFO 8912 --- [E-Invoicing] [           main] r.i.main.EInvoicingApplicationTests      : Started EInvoicingApplicationTests in 3.641 seconds (process running for 4.377)
]]></system-out>
  </testcase>
</testsuite>